Using pre-set license
Built from '2020.3/staging' branch; Version is '2020.3.19f1 (68f137dc9bbe) revision 6877495'; Using compiler version '192528614'; Build Type 'Release'
OS: 'Windows 10 Home; OS build 19041.1415; Version 2004; 64bit' Language: 'en' Physical Memory: 16303 MB
BatchMode: 1, IsHumanControllingUs: 0, StartBugReporterOnCrash: 0, Is64bit: 1, IsPro: 0

COMMAND LINE ARGUMENTS:
C:\Program Files (x86)\2020.3.19f1\Editor\Unity.exe
-adb2
-batchMode
-noUpm
-name
AssetImportWorker0
-projectPath
D:/Project/New folder/New Unity Project
-logFile
Logs/AssetImportWorker0.log
-srvPort
52091
Successfully changed project path to: D:/Project/New folder/New Unity Project
D:/Project/New folder/New Unity Project
Using Asset Import Pipeline V2.
Refreshing native plugins compatible for Editor in 40.93 ms, found 3 plugins.
Preloading 0 native plugins for Editor in 0.00 ms.
Initialize engine version: 2020.3.19f1 (68f137dc9bbe)
[Subsystems] Discovering subsystems at path C:/Program Files (x86)/2020.3.19f1/Editor/Data/Resources/UnitySubsystems
[Subsystems] Discovering subsystems at path D:/Project/New folder/New Unity Project/Assets
GfxDevice: creating device client; threaded=0
Direct3D:
    Version:  Direct3D 11.0 [level 11.1]
    Renderer: NVIDIA GeForce GTX 1660 Ti (ID=0x2191)
    Vendor:   
    VRAM:     5991 MB
    Driver:   27.21.14.5749
Initialize mono
Mono path[0] = 'C:/Program Files (x86)/2020.3.19f1/Editor/Data/Managed'
Mono path[1] = 'C:/Program Files (x86)/2020.3.19f1/Editor/Data/MonoBleedingEdge/lib/mono/unityjit'
Mono config path = 'C:/Program Files (x86)/2020.3.19f1/Editor/Data/MonoBleedingEdge/etc'
Using monoOptions --debugger-agent=transport=dt_socket,embedding=1,server=y,suspend=n,address=127.0.0.1:56332
Begin MonoManager ReloadAssembly
Registering precompiled unity dll's ...
Register platform support module: C:/Program Files (x86)/2020.3.19f1/Editor/Data/PlaybackEngines/WindowsStandaloneSupport/UnityEditor.WindowsStandalone.Extensions.dll
Registered in 0.001989 seconds.
Native extension for WindowsStandalone target not found
Refreshing native plugins compatible for Editor in 39.22 ms, found 3 plugins.
Preloading 0 native plugins for Editor in 0.00 ms.
Mono: successfully reloaded assembly
- Completed reload, in  2.028 seconds
Domain Reload Profiling:
	ReloadAssembly (2028ms)
		BeginReloadAssembly (52ms)
			ExecutionOrderSort (0ms)
			DisableScriptedObjects (0ms)
			BackupInstance (0ms)
			ReleaseScriptingObjects (0ms)
			CreateAndSetChildDomain (1ms)
		EndReloadAssembly (407ms)
			LoadAssemblies (50ms)
			RebuildTransferFunctionScriptingTraits (0ms)
			SetupTypeCache (143ms)
			ReleaseScriptCaches (0ms)
			RebuildScriptCaches (34ms)
			SetupLoadedEditorAssemblies (164ms)
				LogAssemblyErrors (0ms)
				InitializePlatformSupportModulesInManaged (4ms)
				SetLoadedEditorAssemblies (0ms)
				RefreshPlugins (39ms)
				BeforeProcessingInitializeOnLoad (16ms)
				ProcessInitializeOnLoadAttributes (77ms)
				ProcessInitializeOnLoadMethodAttributes (27ms)
				AfterProcessingInitializeOnLoad (0ms)
				EditorAssembliesLoaded (0ms)
			ExecutionOrderSort2 (0ms)
			AwakeInstancesAfterBackupRestoration (0ms)
Platform modules already initialized, skipping
Registering precompiled user dll's ...
Registered in 0.002236 seconds.
Begin MonoManager ReloadAssembly
Native extension for WindowsStandalone target not found
Refreshing native plugins compatible for Editor in 38.05 ms, found 3 plugins.
Preloading 0 native plugins for Editor in 0.00 ms.
Mono: successfully reloaded assembly
- Completed reload, in  1.042 seconds
Domain Reload Profiling:
	ReloadAssembly (1042ms)
		BeginReloadAssembly (135ms)
			ExecutionOrderSort (0ms)
			DisableScriptedObjects (4ms)
			BackupInstance (0ms)
			ReleaseScriptingObjects (0ms)
			CreateAndSetChildDomain (17ms)
		EndReloadAssembly (849ms)
			LoadAssemblies (85ms)
			RebuildTransferFunctionScriptingTraits (0ms)
			SetupTypeCache (263ms)
			ReleaseScriptCaches (0ms)
			RebuildScriptCaches (56ms)
			SetupLoadedEditorAssemblies (334ms)
				LogAssemblyErrors (0ms)
				InitializePlatformSupportModulesInManaged (4ms)
				SetLoadedEditorAssemblies (0ms)
				RefreshPlugins (38ms)
				BeforeProcessingInitializeOnLoad (78ms)
				ProcessInitializeOnLoadAttributes (194ms)
				ProcessInitializeOnLoadMethodAttributes (13ms)
				AfterProcessingInitializeOnLoad (7ms)
				EditorAssembliesLoaded (0ms)
			ExecutionOrderSort2 (0ms)
			AwakeInstancesAfterBackupRestoration (6ms)
Platform modules already initialized, skipping
========================================================================
Worker process is ready to serve import requests
Launched and connected shader compiler UnityShaderCompiler.exe after 0.07 seconds
Refreshing native plugins compatible for Editor in 0.60 ms, found 3 plugins.
Preloading 0 native plugins for Editor in 0.00 ms.
Unloading 2275 Unused Serialized files (Serialized files now loaded: 0)
System memory in use before: 106.7 MB.
System memory in use after: 105.9 MB.

Unloading 37 unused Assets to reduce memory usage. Loaded Objects now: 2704.
Total: 4.135000 ms (FindLiveObjects: 0.540600 ms CreateObjectMapping: 0.101700 ms MarkObjects: 2.863000 ms  DeleteObjects: 0.628600 ms)

AssetImportParameters requested are different than current active one (requested -> active):
  custom:framework-win-MediaFoundation: 216162199b28c13a410421893ffa2e32 -> 
  custom:video-decoder-ogg-theora: a1e56fd34408186e4bbccfd4996cb3dc -> 
  custom:container-muxer-webm: aa71ff27fc2769a1b78a27578f13a17b -> 
  custom:container-demuxer-webm: 4f35f7cbe854078d1ac9338744f61a02 -> 
  custom:container-demuxer-ogg: 62fdf1f143b41e24485cea50d1cbac27 -> 
  custom:video-encoder-webm-vp8: eb34c28f22e8b96e1ab97ce403110664 -> 
  custom:video-codec-MediaFoundation-h265: 746d11721c4dcdbdad8f713fa42b33f4 -> 
  custom:video-decoder-webm-vp8: 9c59270c3fd7afecdb556c50c9e8de78 -> 
  custom:audio-decoder-ogg-vorbis: bf7c407c2cedff20999df2af8eb42d56 -> 
  custom:audio-encoder-webm-vorbis: bf7c407c2cedff20999df2af8eb42d56 -> 
========================================================================
Received Import Request.
  path: Assets/Scripts/SpineAnimationController.cs
  artifactKey: Guid(a3dce01da5276614d92df14dfa095071) Importer(815301076,1909f56bfc062723c751e8b465ee728b)
Start importing Assets/Scripts/SpineAnimationController.cs using Guid(a3dce01da5276614d92df14dfa095071) Importer(815301076,1909f56bfc062723c751e8b465ee728b)  -> (artifact id: '9e5eae2b13a219b6cba385a7c3682761') in 0.039432 seconds 
  Import took 0.043681 seconds .

========================================================================
Received Import Request.
  Time since last request: 119.796069 seconds.
  path: Assets/Resources/Galidus
  artifactKey: Guid(a897e6a257564e544a9945868de3f3e1) Importer(815301076,1909f56bfc062723c751e8b465ee728b)
Start importing Assets/Resources/Galidus using Guid(a897e6a257564e544a9945868de3f3e1) Importer(815301076,1909f56bfc062723c751e8b465ee728b)  -> (artifact id: '642105199b33afe06b874dab341cac0e') in 0.010270 seconds 
  Import took 0.013585 seconds .

========================================================================
Received Import Request.
  Time since last request: 1.389133 seconds.
  path: Assets/Resources/Galidus/Gaulius_Atlas.asset
  artifactKey: Guid(3e9c1db8e1f9ead4aa549f8539b7e754) Importer(815301076,1909f56bfc062723c751e8b465ee728b)
Start importing Assets/Resources/Galidus/Gaulius_Atlas.asset using Guid(3e9c1db8e1f9ead4aa549f8539b7e754) Importer(815301076,1909f56bfc062723c751e8b465ee728b)  -> (artifact id: '80ed290235db07d55a647aa4d378711c') in 0.020292 seconds 
  Import took 0.023583 seconds .

========================================================================
Received Import Request.
  Time since last request: 0.752558 seconds.
  path: Assets/Resources/Galidus/Gaulius.png
  artifactKey: Guid(6ad3e3616ca48284fb65fec29cd04a43) Importer(815301076,1909f56bfc062723c751e8b465ee728b)
Start importing Assets/Resources/Galidus/Gaulius.png using Guid(6ad3e3616ca48284fb65fec29cd04a43) Importer(815301076,1909f56bfc062723c751e8b465ee728b)  -> (artifact id: 'abedff9bcbd3eef8ebd03239d9926ddd') in 0.086252 seconds 
  Import took 0.089411 seconds .

========================================================================
Received Import Request.
  Time since last request: 76.763153 seconds.
  path: Assets/Resources/Galidus/Galidus_SkeletonData.asset
  artifactKey: Guid(8e6ac0c49b3101c4684dedd3f33b91cd) Importer(815301076,1909f56bfc062723c751e8b465ee728b)
Start importing Assets/Resources/Galidus/Galidus_SkeletonData.asset using Guid(8e6ac0c49b3101c4684dedd3f33b91cd) Importer(815301076,1909f56bfc062723c751e8b465ee728b)  -> (artifact id: '1dcf4d1040833a242f682d090999361b') in 0.288435 seconds 
  Import took 0.294247 seconds .

========================================================================
Received Import Request.
  Time since last request: 1.004412 seconds.
  path: Assets/Resources/Galidus/Galidus_Controller.controller
  artifactKey: Guid(9370039c005327e4190fe55b09b31144) Importer(815301076,1909f56bfc062723c751e8b465ee728b)
Start importing Assets/Resources/Galidus/Galidus_Controller.controller using Guid(9370039c005327e4190fe55b09b31144) Importer(815301076,1909f56bfc062723c751e8b465ee728b)  -> (artifact id: '4dee7aef351284bb27ec8de90cb6e06e') in 0.010286 seconds 
  Import took 0.013830 seconds .

AssetImportWorkerClient::OnTransportError - code=2 error=End of file
